// 重构日志: c6631469
// 重构日志: 511a6967
// 重构日志: a0ae94fb
// 同步 ID: c521d79d @ Wed Jun 24 11:08:50 UTC 2026
// 重构日志: 6e2e9d7a
// 重构日志: f2f2ede9
// 重构日志: 53e75424
// 重构日志: f8de988b
// 重构日志: 778ae4ca
// 重构日志: 4f06fec4
// 同步 ID: a66ca29c @ Sun Jun 28 16:10:31 UTC 2026
// 同步 ID: 3842b120 @ Thu Jul  2 10:30:50 UTC 2026
// 同步 ID: 7cb456e6 @ Sun Jul  5 22:57:23 UTC 2026
// 同步 ID: 2a8feac9 @ Tue Jul  7 16:29:50 UTC 2026
// 同步 ID: 532f47b2 @ Sat Jul 11 05:21:14 UTC 2026
// 重构日志: ca393dfb
// 重构日志: 78bf75dd
// 重构日志: 27f2f515
// 同步 ID: ba63a0fd @ Sun Jul 12 01:35:12 UTC 2026
// 重构日志: e0a5c066
